{
  "RSpec": {
    "coverage": {
      "/home/optimistic-revision-4505/tic-tac-toe-rb-online-web-sp-000/lib/tic_tac_toe.rb": [
        1,
        2,
        2,
        2,
        2,
        2,
        0,
        0,
        0,
        0,
        0,
        null,
        null,
        null,
        null,
        1,
        5,
        5,
        5,
        5,
        5,
        null,
        null,
        null,
        1,
        5,
        null,
        null,
        1,
        3,
        null,
        null,
        null,
        1,
        5,
        4,
        null,
        1,
        null,
        null,
        null,
        1,
        1,
        12,
        0,
        0,
        null,
        null,
        null,
        1,
        3,
        3,
        27,
        4,
        23,
        3,
        null,
        null,
        3,
        null,
        null,
        1,
        1,
        0,
        1,
        0,
        1,
        null,
        null,
        null,
        1,
        9,
        null,
        null,
        null,
        1,
        null,
        1,
        1,
        1,
        1,
        13,
        104,
        104,
        104,
        null,
        104,
        104,
        104,
        null,
        104,
        104,
        null,
        440,
        8,
        null,
        96,
        null,
        null,
        13,
        null,
        null,
        null,
        null,
        1,
        65,
        5,
        null,
        5,
        null,
        null,
        null,
        null,
        1,
        7,
        3,
        4,
        1,
        null,
        3,
        null,
        null,
        null,
        null,
        1,
        3,
        2,
        null,
        1,
        null,
        null,
        null,
        1,
        1,
        1,
        1,
        3,
        24,
        24,
        24,
        null,
        24,
        24,
        24,
        null,
        24,
        24,
        null,
        58,
        1,
        49,
        1,
        null,
        22,
        null,
        null,
        3,
        null,
        null,
        null,
        null
      ]
    },
    "timestamp": 1566526732
  }
}
